<?xml version="1.0" encoding="UTF-8"?>
<!-- Generated by org.testng.reporters.JUnitReportReporter -->
<testsuite hostname="DESKTOP-4J3OPFF" failures="0" tests="1" name="pomTestCases.testNGpageFactory" time="0.036" errors="0" timestamp="2021-07-13T16:16:57 IST" skipped="0">
  <testcase classname="pomTestCases.testNGpageFactory" name="verifyLoginPage" time="0.036"/>
  <system-out/>
</testsuite> <!-- pomTestCases.testNGpageFactory -->
