<?xml version="1.0" encoding="UTF-8"?>
<!-- Generated by org.testng.reporters.JUnitReportReporter -->
<testsuite hostname="DESKTOP-4J3OPFF" failures="0" tests="1" name="testNG.TestCases" time="0.015" errors="0" timestamp="2021-07-13T16:05:11 IST" skipped="0">
  <testcase classname="testNG.TestCases" name="f" time="0.015"/>
  <system-out/>
</testsuite> <!-- testNG.TestCases -->
