<?xml version="1.0" encoding="UTF-8"?>
<!-- Generated by org.testng.reporters.JUnitReportReporter -->
<testsuite hostname="DESKTOP-4J3OPFF" failures="0" tests="4" name="utils.testNG" time="18.391" errors="0" timestamp="2021-07-14T16:51:23 IST" skipped="0">
  <testcase classname="utils.testNG" name="test1" time="7.542"/>
  <system-out/>
  <testcase classname="utils.testNG" name="test1" time="2.759"/>
  <system-out/>
  <testcase classname="utils.testNG" name="test1" time="4.439"/>
  <system-out/>
  <testcase classname="utils.testNG" name="test1" time="3.651"/>
  <system-out/>
</testsuite> <!-- utils.testNG -->
